<?xml version="1.0" encoding="UTF-8"?>
<testng-results ignored="0" total="1" passed="1" failed="0" skipped="0">
  <reporter-output>
  </reporter-output>
  <suite started-at="2024-11-13T16:42:56 IST" name="Default suite" finished-at="2024-11-13T16:43:00 IST" duration-ms="4165">
    <groups>
    </groups>
    <test started-at="2024-11-13T16:42:56 IST" name="Default test" finished-at="2024-11-13T16:43:00 IST" duration-ms="4165">
      <class name="ApiTesting.First">
        <test-method is-config="true" signature="setup()[pri:0, instance:ApiTesting.First@2f9f7dcf]" started-at="2024-11-13T16:42:56 IST" name="setup" finished-at="2024-11-13T16:42:56 IST" duration-ms="585" status="PASS">
          <reporter-output>
          </reporter-output>
        </test-method> <!-- setup -->
        <test-method signature="addnewproduct()[pri:0, instance:ApiTesting.First@2f9f7dcf]" started-at="2024-11-13T16:42:57 IST" name="addnewproduct" finished-at="2024-11-13T16:43:00 IST" duration-ms="3523" status="PASS">
          <reporter-output>
          </reporter-output>
        </test-method> <!-- addnewproduct -->
      </class> <!-- ApiTesting.First -->
    </test> <!-- Default test -->
  </suite> <!-- Default suite -->
</testng-results>
