<?xml version="1.0" encoding="UTF-8"?>
<testng-results ignored="0" total="2" passed="2" failed="0" skipped="0">
  <reporter-output>
  </reporter-output>
  <suite started-at="2024-10-30T11:27:24 IST" name="Default suite" finished-at="2024-10-30T11:27:53 IST" duration-ms="29174">
    <groups>
    </groups>
    <test started-at="2024-10-30T11:27:24 IST" name="Default test" finished-at="2024-10-30T11:27:53 IST" duration-ms="29174">
      <class name="Test.Logintest">
        <test-method signature="login(java.lang.String,java.lang.String)[pri:0, instance:Test.Logintest@55b699ef]" started-at="2024-10-30T11:27:24 IST" name="login" data-provider="logindata" finished-at="2024-10-30T11:27:50 IST" duration-ms="26000" status="PASS">
          <params>
            <param index="0">
              <value>
                <![CDATA[Sudarshan]]>
              </value>
            </param>
            <param index="1">
              <value>
                <![CDATA[123]]>
              </value>
            </param>
          </params>
          <reporter-output>
          </reporter-output>
        </test-method> <!-- login -->
        <test-method signature="login(java.lang.String,java.lang.String)[pri:0, instance:Test.Logintest@55b699ef]" started-at="2024-10-30T11:27:50 IST" name="login" data-provider="logindata" finished-at="2024-10-30T11:27:53 IST" duration-ms="3112" status="PASS">
          <params>
            <param index="0">
              <value>
                <![CDATA[Sudarshan]]>
              </value>
            </param>
            <param index="1">
              <value>
                <![CDATA[abc]]>
              </value>
            </param>
          </params>
          <reporter-output>
          </reporter-output>
        </test-method> <!-- login -->
      </class> <!-- Test.Logintest -->
    </test> <!-- Default test -->
  </suite> <!-- Default suite -->
</testng-results>
